<?xml version="1.0" encoding="UTF-8"?>
<!-- Generated by org.testng.reporters.JUnitXMLReporter -->
<testsuite ignored="0" hostname="DESKTOP-MUPOVES" failures="0" tests="5" name="Test" time="74.749" errors="0" timestamp="2021-10-26T12:38:12 IST">
  <testcase classname="testCasesLoginPkg.LoginTest" name="doLogin" time="0.721"/>
  <testcase classname="testCasesLoginPkg.LoginTest" name="doLogin" time="0.342"/>
  <testcase classname="testCasesLoginPkg.LoginTest" name="doLogin" time="0.379"/>
  <testcase classname="testCasesLoginPkg.LoginTest" name="doLogin" time="0.387"/>
  <testcase classname="testCasesLoginPkg.LoginTest" name="verifyLoginTitle" time="0.419"/>
</testsuite> <!-- Test -->
