<?xml version="1.0" encoding="UTF-8"?>
<!-- Generated by org.testng.reporters.JUnitXMLReporter -->
<testsuite hostname="DESKTOP-MUPOVES" ignored="1" name="Command line test" tests="5" failures="0" timestamp="2021-10-26T12:40:37 IST" time="38.582" errors="0">
  <testcase name="doLogin" time="0.416" classname="testCasesLoginPkg.LoginTest"/>
  <testcase name="doLogin" time="0.339" classname="testCasesLoginPkg.LoginTest"/>
  <testcase name="doLogin" time="0.364" classname="testCasesLoginPkg.LoginTest"/>
  <testcase name="doLogin" time="0.336" classname="testCasesLoginPkg.LoginTest"/>
  <testcase name="verifyLoginTitle" time="0.37" classname="testCasesLoginPkg.LoginTest"/>
  <testcase name="@BeforeSuite Setup" time="0.0" classname="testCases.BaseTest">
    <ignored/>
  </testcase> <!-- @BeforeSuite Setup -->
</testsuite> <!-- Command line test -->
