<?xml version="1.0" encoding="UTF-8"?>
<testng-results skipped="0" failed="0" ignored="1" total="6" passed="5">
  <reporter-output>
  </reporter-output>
  <suite name="Command line suite" duration-ms="38582" started-at="2021-10-26T12:39:59 IST" finished-at="2021-10-26T12:40:37 IST">
    <groups>
    </groups>
    <test name="Command line test" duration-ms="38582" started-at="2021-10-26T12:39:59 IST" finished-at="2021-10-26T12:40:37 IST">
      <class name="testCases.BaseTest">
        <test-method status="PASS" signature="Setup()[pri:0, instance:testCases.BaseTest@4923ab24]" name="Setup" is-config="true" duration-ms="16" started-at="2021-10-26T12:39:59 IST" finished-at="2021-10-26T12:39:59 IST">
          <reporter-output>
          </reporter-output>
        </test-method> <!-- Setup -->
      </class> <!-- testCases.BaseTest -->
      <class name="testCasesLoginPkg.LoginTest">
        <test-method status="PASS" signature="loginTearUp()[pri:0, instance:testCasesLoginPkg.LoginTest@4d3167f4]" name="loginTearUp" is-config="true" duration-ms="13696" started-at="2021-10-26T12:39:59 IST" finished-at="2021-10-26T12:40:12 IST">
          <reporter-output>
          </reporter-output>
        </test-method> <!-- loginTearUp -->
        <test-method status="PASS" signature="doLogin(java.lang.String,java.lang.String,java.lang.String,java.lang.String)[pri:0, instance:testCasesLoginPkg.LoginTest@4d3167f4]" name="doLogin" duration-ms="416" started-at="2021-10-26T12:40:12 IST" data-provider="getLoginData" finished-at="2021-10-26T12:40:13 IST">
          <params>
            <param index="0">
              <value>
                <![CDATA[standard_user]]>
              </value>
            </param>
            <param index="1">
              <value>
                <![CDATA[secret_sauce]]>
              </value>
            </param>
            <param index="2">
              <value>
                <![CDATA[PRODUCTS]]>
              </value>
            </param>
            <param index="3">
              <value>
                <![CDATA[verifictionMsg_XPATH]]>
              </value>
            </param>
          </params>
          <reporter-output>
          </reporter-output>
        </test-method> <!-- doLogin -->
        <test-method status="PASS" signature="logInTearDown()[pri:0, instance:testCasesLoginPkg.LoginTest@4d3167f4]" name="logInTearDown" is-config="true" duration-ms="907" started-at="2021-10-26T12:40:13 IST" finished-at="2021-10-26T12:40:14 IST">
          <reporter-output>
          </reporter-output>
        </test-method> <!-- logInTearDown -->
        <test-method status="PASS" signature="loginTearUp()[pri:0, instance:testCasesLoginPkg.LoginTest@4d3167f4]" name="loginTearUp" is-config="true" duration-ms="6274" started-at="2021-10-26T12:40:14 IST" finished-at="2021-10-26T12:40:20 IST">
          <reporter-output>
          </reporter-output>
        </test-method> <!-- loginTearUp -->
        <test-method status="PASS" signature="doLogin(java.lang.String,java.lang.String,java.lang.String,java.lang.String)[pri:0, instance:testCasesLoginPkg.LoginTest@4d3167f4]" name="doLogin" duration-ms="339" started-at="2021-10-26T12:40:20 IST" data-provider="getLoginData" finished-at="2021-10-26T12:40:20 IST">
          <params>
            <param index="0">
              <value>
                <![CDATA[standard_user1]]>
              </value>
            </param>
            <param index="1">
              <value>
                <![CDATA[secret_sauce]]>
              </value>
            </param>
            <param index="2">
              <value>
                <![CDATA[Epic sadface: Username and password do not match any user in this service]]>
              </value>
            </param>
            <param index="3">
              <value>
                <![CDATA[verifictionErrMsg_XPATH]]>
              </value>
            </param>
          </params>
          <reporter-output>
          </reporter-output>
        </test-method> <!-- doLogin -->
        <test-method status="PASS" signature="logInTearDown()[pri:0, instance:testCasesLoginPkg.LoginTest@4d3167f4]" name="logInTearDown" is-config="true" duration-ms="779" started-at="2021-10-26T12:40:20 IST" finished-at="2021-10-26T12:40:21 IST">
          <reporter-output>
          </reporter-output>
        </test-method> <!-- logInTearDown -->
        <test-method status="PASS" signature="loginTearUp()[pri:0, instance:testCasesLoginPkg.LoginTest@4d3167f4]" name="loginTearUp" is-config="true" duration-ms="3998" started-at="2021-10-26T12:40:21 IST" finished-at="2021-10-26T12:40:25 IST">
          <reporter-output>
          </reporter-output>
        </test-method> <!-- loginTearUp -->
        <test-method status="PASS" signature="doLogin(java.lang.String,java.lang.String,java.lang.String,java.lang.String)[pri:0, instance:testCasesLoginPkg.LoginTest@4d3167f4]" name="doLogin" duration-ms="364" started-at="2021-10-26T12:40:25 IST" data-provider="getLoginData" finished-at="2021-10-26T12:40:25 IST">
          <params>
            <param index="0">
              <value>
                <![CDATA[standard_user]]>
              </value>
            </param>
            <param index="1">
              <value>
                <![CDATA[secret_sauce2]]>
              </value>
            </param>
            <param index="2">
              <value>
                <![CDATA[Epic sadface: Username and password do not match any user in this service]]>
              </value>
            </param>
            <param index="3">
              <value>
                <![CDATA[verifictionErrMsg_XPATH]]>
              </value>
            </param>
          </params>
          <reporter-output>
          </reporter-output>
        </test-method> <!-- doLogin -->
        <test-method status="PASS" signature="logInTearDown()[pri:0, instance:testCasesLoginPkg.LoginTest@4d3167f4]" name="logInTearDown" is-config="true" duration-ms="822" started-at="2021-10-26T12:40:25 IST" finished-at="2021-10-26T12:40:26 IST">
          <reporter-output>
          </reporter-output>
        </test-method> <!-- logInTearDown -->
        <test-method status="PASS" signature="loginTearUp()[pri:0, instance:testCasesLoginPkg.LoginTest@4d3167f4]" name="loginTearUp" is-config="true" duration-ms="3659" started-at="2021-10-26T12:40:26 IST" finished-at="2021-10-26T12:40:30 IST">
          <reporter-output>
          </reporter-output>
        </test-method> <!-- loginTearUp -->
        <test-method status="PASS" signature="doLogin(java.lang.String,java.lang.String,java.lang.String,java.lang.String)[pri:0, instance:testCasesLoginPkg.LoginTest@4d3167f4]" name="doLogin" duration-ms="336" started-at="2021-10-26T12:40:30 IST" data-provider="getLoginData" finished-at="2021-10-26T12:40:30 IST">
          <params>
            <param index="0">
              <value>
                <![CDATA[standard_user3]]>
              </value>
            </param>
            <param index="1">
              <value>
                <![CDATA[secret_sauce3]]>
              </value>
            </param>
            <param index="2">
              <value>
                <![CDATA[Epic sadface: Username and password do not match any user in this service]]>
              </value>
            </param>
            <param index="3">
              <value>
                <![CDATA[verifictionErrMsg_XPATH]]>
              </value>
            </param>
          </params>
          <reporter-output>
          </reporter-output>
        </test-method> <!-- doLogin -->
        <test-method status="PASS" signature="logInTearDown()[pri:0, instance:testCasesLoginPkg.LoginTest@4d3167f4]" name="logInTearDown" is-config="true" duration-ms="823" started-at="2021-10-26T12:40:30 IST" finished-at="2021-10-26T12:40:31 IST">
          <reporter-output>
          </reporter-output>
        </test-method> <!-- logInTearDown -->
        <test-method status="PASS" signature="loginTearUp()[pri:0, instance:testCasesLoginPkg.LoginTest@4d3167f4]" name="loginTearUp" is-config="true" duration-ms="5010" started-at="2021-10-26T12:40:31 IST" finished-at="2021-10-26T12:40:36 IST">
          <reporter-output>
          </reporter-output>
        </test-method> <!-- loginTearUp -->
        <test-method status="PASS" signature="verifyLoginTitle()[pri:0, instance:testCasesLoginPkg.LoginTest@4d3167f4]" name="verifyLoginTitle" duration-ms="370" started-at="2021-10-26T12:40:36 IST" finished-at="2021-10-26T12:40:36 IST">
          <reporter-output>
          </reporter-output>
        </test-method> <!-- verifyLoginTitle -->
        <test-method status="PASS" signature="logInTearDown()[pri:0, instance:testCasesLoginPkg.LoginTest@4d3167f4]" name="logInTearDown" is-config="true" duration-ms="737" started-at="2021-10-26T12:40:36 IST" finished-at="2021-10-26T12:40:37 IST">
          <reporter-output>
          </reporter-output>
        </test-method> <!-- logInTearDown -->
      </class> <!-- testCasesLoginPkg.LoginTest -->
    </test> <!-- Command line test -->
  </suite> <!-- Command line suite -->
</testng-results>
